C:\USERS\WARD-DU\DESKTOP\TTF\DEVICESCAN\AUDIOSTUDY-SRC-1.0.2\AUDIOSTUDY\RELEASE\AUDIOSTUDY.PCH
C:\USERS\WARD-DU\DESKTOP\TTF\DEVICESCAN\AUDIOSTUDY-SRC-1.0.2\AUDIOSTUDY\RELEASE\STDAFX.OBJ
C:\USERS\WARD-DU\DESKTOP\TTF\DEVICESCAN\AUDIOSTUDY-SRC-1.0.2\AUDIOSTUDY\RELEASE\VC110.PDB
C:\USERS\WARD-DU\DESKTOP\TTF\DEVICESCAN\AUDIOSTUDY-SRC-1.0.2\AUDIOSTUDY\RELEASE\PARSEWAVEFILE.OBJ
C:\USERS\WARD-DU\DESKTOP\TTF\DEVICESCAN\AUDIOSTUDY-SRC-1.0.2\AUDIOSTUDY\RELEASE\AUDIOTESTFUNCTIONS.OBJ
C:\USERS\WARD-DU\DESKTOP\TTF\DEVICESCAN\AUDIOSTUDY-SRC-1.0.2\AUDIOSTUDY\RELEASE\AUDIOSTUDY.OBJ
C:\USERS\WARD-DU\DESKTOP\TTF\DEVICESCAN\AUDIOSTUDY-SRC-1.0.2\AUDIOSTUDY\RELEASE\AUDIOFUNCTIONS.OBJ
C:\USERS\WARD-DU\DESKTOP\TTF\DEVICESCAN\AUDIOSTUDY-SRC-1.0.2\RELEASE\AUDIOSTUDY.EXE
C:\USERS\WARD-DU\DESKTOP\TTF\DEVICESCAN\AUDIOSTUDY-SRC-1.0.2\RELEASE\AUDIOSTUDY.PDB
C:\Users\ward-du\Desktop\TTF\DeviceScan\DeviceScan\AudioStudy-SRC-1.0.2\AudioStudy\Release\AudioFunctions.obj
C:\Users\ward-du\Desktop\TTF\DeviceScan\DeviceScan\AudioStudy-SRC-1.0.2\AudioStudy\Release\AudioStudy.obj
C:\Users\ward-du\Desktop\TTF\DeviceScan\DeviceScan\AudioStudy-SRC-1.0.2\AudioStudy\Release\AudioTestFunctions.obj
C:\Users\ward-du\Desktop\TTF\DeviceScan\DeviceScan\AudioStudy-SRC-1.0.2\AudioStudy\Release\ParseWAVEFile.obj
C:\Users\ward-du\Desktop\TTF\DeviceScan\DeviceScan\AudioStudy-SRC-1.0.2\AudioStudy\Release\stdafx.obj
C:\Users\ward-du\Desktop\TTF\DeviceScan\DeviceScan\AudioStudy-SRC-1.0.2\AudioStudy\Release\cl.command.1.tlog
C:\Users\ward-du\Desktop\TTF\DeviceScan\DeviceScan\AudioStudy-SRC-1.0.2\AudioStudy\Release\CL.read.1.tlog
C:\Users\ward-du\Desktop\TTF\DeviceScan\DeviceScan\AudioStudy-SRC-1.0.2\AudioStudy\Release\CL.write.1.tlog
C:\Users\ward-du\Desktop\TTF\DeviceScan\DeviceScan\AudioStudy-SRC-1.0.2\AudioStudy\Release\link-cvtres.read.1.tlog
C:\Users\ward-du\Desktop\TTF\DeviceScan\DeviceScan\AudioStudy-SRC-1.0.2\AudioStudy\Release\link-cvtres.write.1.tlog
C:\Users\ward-du\Desktop\TTF\DeviceScan\DeviceScan\AudioStudy-SRC-1.0.2\AudioStudy\Release\link-mt.read.1.tlog
C:\Users\ward-du\Desktop\TTF\DeviceScan\DeviceScan\AudioStudy-SRC-1.0.2\AudioStudy\Release\link-mt.write.1.tlog
C:\Users\ward-du\Desktop\TTF\DeviceScan\DeviceScan\AudioStudy-SRC-1.0.2\AudioStudy\Release\link-rc.read.1.tlog
C:\Users\ward-du\Desktop\TTF\DeviceScan\DeviceScan\AudioStudy-SRC-1.0.2\AudioStudy\Release\link-rc.write.1.tlog
C:\Users\ward-du\Desktop\TTF\DeviceScan\DeviceScan\AudioStudy-SRC-1.0.2\AudioStudy\Release\link.command.1.tlog
C:\Users\ward-du\Desktop\TTF\DeviceScan\DeviceScan\AudioStudy-SRC-1.0.2\AudioStudy\Release\link.read.1.tlog
C:\Users\ward-du\Desktop\TTF\DeviceScan\DeviceScan\AudioStudy-SRC-1.0.2\AudioStudy\Release\link.write.1.tlog
C:\Users\ward-du\Desktop\TTF\DeviceScan\DeviceScan\AudioStudy-SRC-1.0.2\AudioStudy\Release\AudioStudy.pch
C:\Users\ward-du\Desktop\TTF\DeviceScan\DeviceScan\AudioStudy-SRC-1.0.2\AudioStudy\Release\vc110.pdb
C:\Users\ward-du\Desktop\TTF\DeviceScan\DeviceScan\AudioStudy-SRC-1.0.2\Release\AudioStudy.pdb
C:\Users\ward-du\Desktop\TTF\DeviceScan\DeviceScan\AudioStudy-SRC-1.0.2\Release\AudioStudy.exe
