Build started 2016/3/11 11:25:03.
     1>Project "C:\Users\ward-du\Desktop\TTF\DeviceScan\DeviceScan\AudioStudy-SRC-1.0.2\AudioStudy\AudioStudy.vcxproj" on node 2 (Rebuild target(s)).
     1>_PrepareForClean:
         Deleting file "Release\AudioStudy.lastbuildstate".
       InitializeBuildStatus:
         Creating "Release\AudioStudy.unsuccessfulbuild" because "AlwaysCreate" was specified.
       ClCompile:
         C:\Program Files\Microsoft Visual Studio 11.0\VC\bin\CL.exe /c /Zi /nologo /W3 /WX- /sdl /O2 /Oi /Oy- /GL /D WIN32 /D NDEBUG /D _CONSOLE /D _MBCS /Gm- /EHsc /MT /GS /Gy /fp:precise /Zc:wchar_t /Zc:forScope /Yc"stdafx.h" /Fp"Release\AudioStudy.pch" /Fo"Release\\" /Fd"Release\vc110.pdb" /Gd /TP /analyze- /errorReport:prompt stdafx.cpp
         stdafx.cpp
     1>c:\users\ward-du\desktop\ttf\devicescan\devicescan\audiostudy-src-1.0.2\audiostudy\stdafx.h(6): warning C4081: expected 'newline'; found ';'
     1>c:\users\ward-du\desktop\ttf\devicescan\devicescan\audiostudy-src-1.0.2\audiostudy\stdafx.h(7): warning C4081: expected 'newline'; found ';'
         C:\Program Files\Microsoft Visual Studio 11.0\VC\bin\CL.exe /c /Zi /nologo /W3 /WX- /sdl /O2 /Oi /Oy- /GL /D WIN32 /D NDEBUG /D _CONSOLE /D _MBCS /Gm- /EHsc /MT /GS /Gy /fp:precise /Zc:wchar_t /Zc:forScope /Yu"stdafx.h" /Fp"Release\AudioStudy.pch" /Fo"Release\\" /Fd"Release\vc110.pdb" /Gd /TP /analyze- /errorReport:prompt AudioFunctions.cpp AudioStudy.cpp AudioTestFunctions.cpp ParseWAVEFile.cpp
         AudioFunctions.cpp
     1>AudioFunctions.cpp(144): warning C4305: 'argument' : truncation from 'double' to 'float'
     1>AudioFunctions.cpp(214): warning C4553: '==' : operator has no effect; did you intend '='?
     1>AudioFunctions.cpp(350): warning C4244: '=' : conversion from 'double' to 'REFERENCE_TIME', possible loss of data
     1>AudioFunctions.cpp(555): warning C4005: 'EXIT_ON_ERROR' : macro redefinition
                 AudioFunctions.cpp(26) : see previous definition of 'EXIT_ON_ERROR'
     1>AudioFunctions.cpp(633): warning C4244: '=' : conversion from 'double' to 'REFERENCE_TIME', possible loss of data
     1>AudioFunctions.cpp(642): warning C4244: 'argument' : conversion from 'REFERENCE_TIME' to 'DWORD', possible loss of data
     1>AudioFunctions.cpp(820): warning C4244: '=' : conversion from 'double' to 'REFERENCE_TIME', possible loss of data
         AudioStudy.cpp
         AudioTestFunctions.cpp
     1>AudioTestFunctions.cpp(94): warning C4101: 'm_hFile' : unreferenced local variable
         ParseWAVEFile.cpp
     1>ParseWAVEFile.cpp(340): warning C4018: '<' : signed/unsigned mismatch
     1>ParseWAVEFile.cpp(380): warning C4018: '<' : signed/unsigned mismatch
       Link:
         C:\Program Files\Microsoft Visual Studio 11.0\VC\bin\link.exe /ERRORREPORT:PROMPT /OUT:"C:\Users\ward-du\Desktop\TTF\DeviceScan\DeviceScan\AudioStudy-SRC-1.0.2\Release\AudioStudy.exe" /INCREMENTAL:NO /NOLOGO /MANIFEST /MANIFESTUAC:"level='asInvoker' uiAccess='false'" /manifest:embed /manifestinput:"C:\Program Files\Microsoft Visual Studio 11.0\VC\Include\Manifest\dpiaware.manifest" /DEBUG /PDB:"C:\Users\ward-du\Desktop\TTF\DeviceScan\DeviceScan\AudioStudy-SRC-1.0.2\Release\AudioStudy.pdb" /SUBSYSTEM:CONSOLE /OPT:REF /OPT:ICF /LTCG /TLBID:1 /DYNAMICBASE /NXCOMPAT /IMPLIB:"C:\Users\ward-du\Desktop\TTF\DeviceScan\DeviceScan\AudioStudy-SRC-1.0.2\Release\AudioStudy.lib" /MACHINE:X86 /SAFESEH Release\AudioFunctions.obj
         Release\AudioStudy.obj
         Release\AudioTestFunctions.obj
         Release\ParseWAVEFile.obj
         Release\stdafx.obj
         Generating code
         Finished generating code
         AudioStudy.vcxproj -> C:\Users\ward-du\Desktop\TTF\DeviceScan\DeviceScan\AudioStudy-SRC-1.0.2\Release\AudioStudy.exe
       FinalizeBuildStatus:
         Deleting file "Release\AudioStudy.unsuccessfulbuild".
         Touching "Release\AudioStudy.lastbuildstate".
     1>Done Building Project "C:\Users\ward-du\Desktop\TTF\DeviceScan\DeviceScan\AudioStudy-SRC-1.0.2\AudioStudy\AudioStudy.vcxproj" (Rebuild target(s)).

Build succeeded.

Time Elapsed 00:00:09.46
